<?xml version="1.0" encoding="UTF-8"?>
<testng-results skipped="0" failed="0" ignored="0" total="1" passed="1">
  <reporter-output>
  </reporter-output>
  <suite name="Smoke Suite" duration-ms="16657" started-at="2021-11-25T11:35:05 EST" finished-at="2021-11-25T11:35:22 EST">
    <groups>
      <group name="cucumber">
        <method signature="AbstractTestNGCucumberTests.runScenario(io.cucumber.testng.PickleWrapper,io.cucumber.testng.FeatureWrapper)[pri:0, instance:CucumberTemplate@3b084709]" name="runScenario" class="io.cucumber.testng.AbstractTestNGCucumberTests"/>
      </group> <!-- cucumber -->
    </groups>
    <test name=" OrangeCRMTests" duration-ms="16657" started-at="2021-11-25T11:35:05 EST" finished-at="2021-11-25T11:35:22 EST">
      <class name="CucumberTemplate">
        <test-method status="PASS" signature="setUpClass(org.testng.ITestContext)[pri:0, instance:CucumberTemplate@3b084709]" name="setUpClass" is-config="true" duration-ms="359" started-at="2021-11-25T11:35:05 EST" finished-at="2021-11-25T11:35:06 EST">
          <params>
            <param index="0">
              <value>
                <![CDATA[org.testng.TestRunner@5e3f861]]>
              </value>
            </param>
          </params>
          <reporter-output>
          </reporter-output>
        </test-method> <!-- setUpClass -->
        <test-method status="PASS" signature="runScenario(io.cucumber.testng.PickleWrapper,io.cucumber.testng.FeatureWrapper)[pri:0, instance:CucumberTemplate@3b084709]" name="runScenario" duration-ms="15937" started-at="2021-11-25T11:35:06 EST" description="Runs Cucumber Scenarios" data-provider="scenarios" finished-at="2021-11-25T11:35:22 EST">
          <params>
            <param index="0">
              <value>
                <![CDATA["As a valid user, I want to test the login to the application"]]>
              </value>
            </param>
            <param index="1">
              <value>
                <![CDATA["Optional[Validating login functionality]"]]>
              </value>
            </param>
          </params>
          <reporter-output>
          </reporter-output>
        </test-method> <!-- runScenario -->
        <test-method status="PASS" signature="tearDownClass()[pri:0, instance:CucumberTemplate@3b084709]" name="tearDownClass" is-config="true" duration-ms="325" started-at="2021-11-25T11:35:22 EST" finished-at="2021-11-25T11:35:22 EST">
          <reporter-output>
          </reporter-output>
        </test-method> <!-- tearDownClass -->
      </class> <!-- CucumberTemplate -->
    </test> <!--  OrangeCRMTests -->
  </suite> <!-- Smoke Suite -->
</testng-results>
